18/5/2024:::18:6:40:::PROCESAMIENTO ARCHIVOS INICIADO:::DIRECTORIO ../files_data
18/5/2024:::18:6:42:::../files_data/SUC002/SU002_OPE002_18032024_1.data:::5
18/5/2024:::18:6:42:::../files_data/SUC001/SU001_OPE001_18032024_1.data:::7
18/5/2024:::18:6:42:::../files_data/SUC004/SU004_OPE004_18032024_1.data:::3
18/5/2024:::18:6:42:::../files_data/SUC003/SU003_OPE003_18032024_1.data:::10
18/5/2024:::19:13:29:::PROCESAMIENTO ARCHIVOS INICIADO:::DIRECTORIO ../files_data
18/5/2024:::19:13:33:::../files_data/SUC002/SU002_OPE002_18032024_1.data:::5
18/5/2024:::19:13:30:::NUEVO FICHERO EN EL DIRECTORIO
18/5/2024:::19:23:36:::PROCESAMIENTO ARCHIVOS INICIADO:::DIRECTORIO ../files_data
18/5/2024:::19:23:39:::../files_data/SUC004/SU004_OPE004_18032024_1.data:::3
18/5/2024:::19:23:40:::../files_data/SUC001/SU001_OPE001_18032024_1.data:::7
Error al abrir el archivo de la sucursal ../files_data/SUC004/SU003_OPE003_18032024_1.data.

18/5/2024:::19:23:36:::NUEVO FICHERO EN EL DIRECTORIO
18/5/2024:::19:24:49:::PROCESAMIENTO ARCHIVOS INICIADO:::DIRECTORIO ../files_data
18/5/2024:::19:24:50:::../files_data/SUC003/SU003_OPE003_18032024_1.data:::10
18/5/2024:::19:24:51:::../files_data/SUC004/SU004_OPE004_18032024_1.data:::3
Error al abrir el archivo de la sucursal ../files_data/SUC001/SU002_OPE002_18032024_1.data.

18/5/2024:::19:24:51:::../files_data/SUC001/SU001_OPE001_18032024_1.data:::7
18/5/2024:::19:26:49:::PROCESAMIENTO ARCHIVOS INICIADO:::DIRECTORIO ../files_data
18/5/2024:::19:26:52:::../files_data/SUC002/SU002_OPE002_18032024_1.data:::5
18/5/2024:::19:40:37:::PROCESAMIENTO ARCHIVOS INICIADO:::DIRECTORIO ../files_data
18/5/2024:::19:40:40:::../files_data/SUC003/SU003_OPE003_18032024_1.data:::10
18/5/2024:::19:40:40:::../files_data/SUC004/SU004_OPE004_18032024_1.data:::3
18/5/2024:::19:40:40:::../files_data/SUC001/SU001_OPE001_18032024_1.data:::7
18/5/2024:::19:40:40:::../files_data/SUC002/SU002_OPE002_18032024_1.data:::5
18/5/2024:::19:41:40:::PROCESAMIENTO ARCHIVOS INICIADO:::DIRECTORIO ../files_data
18/5/2024:::19:44:50:::PROCESAMIENTO ARCHIVOS INICIADO:::DIRECTORIO ../files_data
18/5/2024:::19:44:50:::NUEVO FICHERO EN EL DIRECTORIO
Error al abrir el archivo de la sucursal ../files_data/SUC004/.gitkeep.

18/5/2024:::19:44:50:::NUEVO FICHERO EN EL DIRECTORIO
